<?xml version="1.0" encoding="UTF-8"?>
<!-- Generated by org.testng.reporters.JUnitReportReporter -->
<testsuite hostname="TIAABCP-UNADDSI013L3904534" failures="0" tests="3" name="TestNG.SequentialExecution" time="8.828" errors="0" timestamp="2024-10-12T18:42:36 IST" skipped="0">
  <testcase classname="TestNG.SequentialExecution" name="Setup" time="1.588"/>
  <system-out/>
  <testcase classname="TestNG.SequentialExecution" name="Setup" time="2.683"/>
  <system-out/>
  <testcase classname="TestNG.SequentialExecution" name="Setup" time="4.557"/>
  <system-out/>
</testsuite> <!-- TestNG.SequentialExecution -->
