<?xml version="1.0" encoding="UTF-8"?>
<!-- Generated by org.testng.reporters.JUnitReportReporter -->
<testsuite hostname="TIAABCP-UNADDSI013L3904534" failures="0" tests="4" name="TestNG.OrangeHRMTest" time="16.492" errors="0" timestamp="2024-09-22T17:01:59 IST" skipped="0">
  <testcase classname="TestNG.OrangeHRMTest" name="openURL" time="11.789"/>
  <system-out/>
  <testcase classname="TestNG.OrangeHRMTest" name="Verifylogo" time="3.069"/>
  <system-out/>
  <testcase classname="TestNG.OrangeHRMTest" name="Login" time="1.439"/>
  <system-out/>
  <testcase classname="TestNG.OrangeHRMTest" name="closeApp" time="0.195"/>
  <system-out/>
</testsuite> <!-- TestNG.OrangeHRMTest -->
