<?xml version="1.0" encoding="UTF-8"?>
<!-- Generated by org.testng.reporters.JUnitReportReporter -->
<testsuite hostname="TIAABCP-UNADDSI013L3904534" failures="0" tests="3" name="TestNG.GroupingTestCase" time="0.007" errors="0" timestamp="2024-10-12T17:56:19 IST" skipped="0">
  <testcase classname="TestNG.GroupingTestCase" name="openApp" time="0.005"/>
  <system-out/>
  <testcase classname="TestNG.GroupingTestCase" name="login" time="0.001"/>
  <system-out/>
  <testcase classname="TestNG.GroupingTestCase" name="logout" time="0.001"/>
  <system-out/>
</testsuite> <!-- TestNG.GroupingTestCase -->
