<?xml version="1.0" encoding="UTF-8"?>
<!-- Generated by org.testng.reporters.JUnitReportReporter -->
<testsuite hostname="TIAABCP-UNADDSI013L3904534" failures="0" tests="4" name="TestNG.DependencyMethod" time="16.415" errors="0" timestamp="2024-10-12T17:42:48 IST" skipped="0">
  <testcase classname="TestNG.DependencyMethod" name="openURL" time="11.776"/>
  <system-out/>
  <testcase classname="TestNG.DependencyMethod" name="Verifylogo" time="3.063"/>
  <system-out/>
  <testcase classname="TestNG.DependencyMethod" name="Login" time="1.464"/>
  <system-out/>
  <testcase classname="TestNG.DependencyMethod" name="closeApp" time="0.112"/>
  <system-out/>
</testsuite> <!-- TestNG.DependencyMethod -->
