<?xml version="1.0" encoding="UTF-8"?>
<!-- Generated by org.testng.reporters.JUnitReportReporter -->
<testsuite hostname="TIAABCP-UNADDSI013L3904534" failures="0" tests="6" name="TestNG.DataProviderPgm" time="22.123" errors="0" timestamp="2024-10-12T18:08:41 IST" skipped="0">
  <testcase classname="TestNG.DataProviderPgm" name="openURL" time="5.408"/>
  <system-out/>
  <testcase classname="TestNG.DataProviderPgm" name="Verifylogo" time="3.054"/>
  <system-out/>
  <testcase classname="TestNG.DataProviderPgm" name="Login" time="1.394"/>
  <system-out/>
  <testcase classname="TestNG.DataProviderPgm" name="Login" time="11.435"/>
  <system-out/>
  <testcase classname="TestNG.DataProviderPgm" name="Login" time="0.617"/>
  <system-out/>
  <testcase classname="TestNG.DataProviderPgm" name="closeApp" time="0.215"/>
  <system-out/>
</testsuite> <!-- TestNG.DataProviderPgm -->
