<?xml version="1.0" encoding="UTF-8"?>
<!-- Generated by org.testng.reporters.JUnitReportReporter -->
<testsuite hostname="TIAABCP-UNADDSI013L3904534" failures="0" tests="1" name="TestNG.Test_Annotations" time="9.483" errors="0" timestamp="2024-10-13T18:11:11 IST" skipped="0">
  <testcase classname="TestNG.Test_Annotations" name="Verifylogo" time="9.483"/>
  <system-out/>
</testsuite> <!-- TestNG.Test_Annotations -->
