<?xml version="1.0" encoding="UTF-8"?>
<!-- Generated by org.testng.reporters.JUnitReportReporter -->
<testsuite hostname="TIAABCP-UNADDSI013L3904534" failures="0" tests="1" name="Day24POM.LoginTest" time="5.702" errors="0" timestamp="2024-10-14T12:04:39 IST" skipped="0">
  <testcase classname="Day24POM.LoginTest" name="Login" time="5.702"/>
  <system-out/>
</testsuite> <!-- Day24POM.LoginTest -->
