<?xml version="1.0" encoding="UTF-8"?>
<!-- Generated by org.testng.reporters.JUnitReportReporter -->
<testsuite hostname="TIAABCP-UNADDSI013L3904534" failures="0" tests="4" name="TestNG.TestCase_Priority" time="11.000" errors="0" timestamp="2024-10-11T19:29:23 IST" skipped="0">
  <testcase classname="TestNG.TestCase_Priority" name="openURL" time="6.212"/>
  <system-out/>
  <testcase classname="TestNG.TestCase_Priority" name="Verifylogo" time="3.066"/>
  <system-out/>
  <testcase classname="TestNG.TestCase_Priority" name="Login" time="1.531"/>
  <system-out/>
  <testcase classname="TestNG.TestCase_Priority" name="closeApp" time="0.191"/>
  <system-out/>
</testsuite> <!-- TestNG.TestCase_Priority -->
