<?xml version="1.0" encoding="UTF-8"?>
<!-- Generated by org.testng.reporters.JUnitReportReporter -->
<testsuite hostname="TIAABCP-UNADDSI013L3904534" failures="0" tests="3" name="TestNG.FirstPgm" time="0.008" errors="0" timestamp="2024-10-12T18:24:07 IST" skipped="0">
  <testcase classname="TestNG.FirstPgm" name="openApp" time="0.007"/>
  <system-out/>
  <testcase classname="TestNG.FirstPgm" name="login" time="0.000"/>
  <system-out/>
  <testcase classname="TestNG.FirstPgm" name="logout" time="0.001"/>
  <system-out/>
</testsuite> <!-- TestNG.FirstPgm -->
